ERROR:__main__:[21:39:32] Error terminating connection: 'Thread' object has no attribute 'terminate'
ERROR:__main__:[21:39:32] Traceback (most recent call last):
  File "C:\Users\wojte\Desktop\politechnika\S2\TI\Projekt Statki\gui_windows.py", line 231, in on_click_back
    mg.threads[1].terminate()
    ^^^^^^^^^^^^^^^^^^^^^^^
AttributeError: 'Thread' object has no attribute 'terminate'

ERROR:__main__:[21:39:33] Error terminating connection: 'Thread' object has no attribute 'terminate'
ERROR:__main__:[21:39:33] Traceback (most recent call last):
  File "C:\Users\wojte\Desktop\politechnika\S2\TI\Projekt Statki\gui_windows.py", line 231, in on_click_back
    mg.threads[1].terminate()
    ^^^^^^^^^^^^^^^^^^^^^^^
AttributeError: 'Thread' object has no attribute 'terminate'

ERROR:__main__:[21:39:36] Error terminating connection: 'Thread' object has no attribute 'terminate'
ERROR:__main__:[13:44:03] Error terminating connection: 'Thread' object has no attribute 'terminate'
ERROR:__main__:[13:44:04] Error terminating connection: 'Thread' object has no attribute 'terminate'
ERROR:__main__:[13:44:04] Traceback (most recent call last):
  File "C:\Users\wojte\Desktop\politechnika\S2\TI\Projekt Statki\gui_windows.py", line 231, in on_click_back
    mg.threads[1].terminate()
    ^^^^^^^^^^^^^^^^^^^^^^^
AttributeError: 'Thread' object has no attribute 'terminate'

ERROR:__main__:[13:44:06] Error terminating connection: 'Thread' object has no attribute 'terminate'
ERROR:__main__:[18:52:44] Error terminating connection: 'Thread' object has no attribute 'terminate'
ERROR:__main__:[18:52:44] Traceback (most recent call last):
  File "C:\Users\wojte\Desktop\politechnika\S2\TI\Projekt Statki\gui_windows.py", line 232, in on_click_back
    mg.threads[1].terminate()
    ^^^^^^^^^^^^^^^^^^^^^^^
AttributeError: 'Thread' object has no attribute 'terminate'

ERROR:__main__:[18:52:47] Error terminating connection: 'Thread' object has no attribute 'terminate'
ERROR:__main__:[18:52:47] Traceback (most recent call last):
  File "C:\Users\wojte\Desktop\politechnika\S2\TI\Projekt Statki\gui_windows.py", line 232, in on_click_back
    mg.threads[1].terminate()
    ^^^^^^^^^^^^^^^^^^^^^^^
AttributeError: 'Thread' object has no attribute 'terminate'

ERROR:__main__:[19:16:13] Error terminating connection: 'Thread' object has no attribute 'terminate'
ERROR:__main__:[19:16:13] Traceback (most recent call last):
  File "C:\Users\wojte\Desktop\politechnika\S2\TI\Projekt Statki\gui_windows.py", line 232, in on_click_back
    mg.threads[1].terminate()
    ^^^^^^^^^^^^^^^^^^^^^^^
AttributeError: 'Thread' object has no attribute 'terminate'

ERROR:__main__:[20:10:34] Error terminating connection: 'Thread' object has no attribute 'terminate'
ERROR:__main__:[20:10:34] Traceback (most recent call last):
  File "C:\Users\wojte\Desktop\politechnika\S2\TI\Projekt Statki\gui_windows.py", line 232, in on_click_back
    mg.threads[1].terminate()
    ^^^^^^^^^^^^^^^^^^^^^^^
AttributeError: 'Thread' object has no attribute 'terminate'

